2024-08-06 20:43:12 [main] INFO  org.hibernate.jpa.internal.util.LogHelper - HHH000204: Processing PersistenceUnitInfo [
	name: sari
	...]
2024-08-06 20:43:12 [main] INFO  org.hibernate.Version - HHH000412: Hibernate Core {5.3.20.Final}
2024-08-06 20:43:12 [main] INFO  org.hibernate.cfg.Environment - HHH000206: hibernate.properties not found
2024-08-06 20:43:12 [main] INFO  org.hibernate.annotations.common.Version - HCANN000001: Hibernate Commons Annotations {5.0.4.Final}
2024-08-06 20:43:13 [main] WARN  org.hibernate.orm.connections.pooling - HHH10001002: Using Hibernate built-in connection pool (not for production use!)
2024-08-06 20:43:13 [main] INFO  org.hibernate.orm.connections.pooling - HHH10001005: using driver [com.mysql.cj.jdbc.Driver] at URL [jdbc:mysql://localhost:3306/sari]
2024-08-06 20:43:13 [main] INFO  org.hibernate.orm.connections.pooling - HHH10001001: Connection properties: {user=root, password=****}
2024-08-06 20:43:13 [main] INFO  org.hibernate.orm.connections.pooling - HHH10001003: Autocommit mode: false
2024-08-06 20:43:13 [main] INFO  org.hibernate.engine.jdbc.connections.internal.DriverManagerConnectionProviderImpl - HHH000115: Hibernate connection pool size: 20 (min=1)
2024-08-06 20:43:14 [main] INFO  org.hibernate.dialect.Dialect - HHH000400: Using dialect: org.hibernate.dialect.MySQLDialect
2024-08-06 20:43:15 [main] INFO  org.hibernate.hql.internal.QueryTranslatorFactoryInitiator - HHH000397: Using ASTQueryTranslatorFactory
2024-08-06 20:43:15 [main] WARN  org.hibernate.engine.jdbc.spi.SqlExceptionHelper - SQL Error: 0, SQLState: 22018
2024-08-06 20:43:15 [main] ERROR org.hibernate.engine.jdbc.spi.SqlExceptionHelper - Cannot determine value type from string 'administrador'
2024-08-06 20:50:48 [main] INFO  org.hibernate.jpa.internal.util.LogHelper - HHH000204: Processing PersistenceUnitInfo [
	name: sari
	...]
2024-08-06 20:50:48 [main] INFO  org.hibernate.Version - HHH000412: Hibernate Core {5.3.20.Final}
2024-08-06 20:50:48 [main] INFO  org.hibernate.cfg.Environment - HHH000206: hibernate.properties not found
2024-08-06 20:50:48 [main] INFO  org.hibernate.annotations.common.Version - HCANN000001: Hibernate Commons Annotations {5.0.4.Final}
2024-08-06 20:50:49 [main] WARN  org.hibernate.orm.connections.pooling - HHH10001002: Using Hibernate built-in connection pool (not for production use!)
2024-08-06 20:50:49 [main] INFO  org.hibernate.orm.connections.pooling - HHH10001005: using driver [com.mysql.cj.jdbc.Driver] at URL [jdbc:mysql://localhost:3306/sari]
2024-08-06 20:50:49 [main] INFO  org.hibernate.orm.connections.pooling - HHH10001001: Connection properties: {user=root, password=****}
2024-08-06 20:50:49 [main] INFO  org.hibernate.orm.connections.pooling - HHH10001003: Autocommit mode: false
2024-08-06 20:50:49 [main] INFO  org.hibernate.engine.jdbc.connections.internal.DriverManagerConnectionProviderImpl - HHH000115: Hibernate connection pool size: 20 (min=1)
2024-08-06 20:50:50 [main] INFO  org.hibernate.dialect.Dialect - HHH000400: Using dialect: org.hibernate.dialect.MySQLDialect
2024-08-06 20:50:51 [main] INFO  org.hibernate.hql.internal.QueryTranslatorFactoryInitiator - HHH000397: Using ASTQueryTranslatorFactory
2024-08-06 21:02:11 [main] INFO  org.hibernate.jpa.internal.util.LogHelper - HHH000204: Processing PersistenceUnitInfo [
	name: sari
	...]
2024-08-06 21:02:11 [main] INFO  org.hibernate.Version - HHH000412: Hibernate Core {5.3.20.Final}
2024-08-06 21:02:11 [main] INFO  org.hibernate.cfg.Environment - HHH000206: hibernate.properties not found
2024-08-06 21:02:12 [main] INFO  org.hibernate.annotations.common.Version - HCANN000001: Hibernate Commons Annotations {5.0.4.Final}
2024-08-06 21:02:12 [main] WARN  org.hibernate.orm.connections.pooling - HHH10001002: Using Hibernate built-in connection pool (not for production use!)
2024-08-06 21:02:12 [main] INFO  org.hibernate.orm.connections.pooling - HHH10001005: using driver [com.mysql.cj.jdbc.Driver] at URL [jdbc:mysql://localhost:3306/sari]
2024-08-06 21:02:12 [main] INFO  org.hibernate.orm.connections.pooling - HHH10001001: Connection properties: {user=root, password=****}
2024-08-06 21:02:12 [main] INFO  org.hibernate.orm.connections.pooling - HHH10001003: Autocommit mode: false
2024-08-06 21:02:12 [main] INFO  org.hibernate.engine.jdbc.connections.internal.DriverManagerConnectionProviderImpl - HHH000115: Hibernate connection pool size: 20 (min=1)
2024-08-06 21:02:13 [main] INFO  org.hibernate.dialect.Dialect - HHH000400: Using dialect: org.hibernate.dialect.MySQLDialect
2024-08-06 21:02:14 [main] INFO  org.hibernate.hql.internal.QueryTranslatorFactoryInitiator - HHH000397: Using ASTQueryTranslatorFactory
2024-08-06 21:03:12 [main] INFO  org.hibernate.jpa.internal.util.LogHelper - HHH000204: Processing PersistenceUnitInfo [
	name: sari
	...]
2024-08-06 21:03:12 [main] INFO  org.hibernate.Version - HHH000412: Hibernate Core {5.3.20.Final}
2024-08-06 21:03:12 [main] INFO  org.hibernate.cfg.Environment - HHH000206: hibernate.properties not found
2024-08-06 21:03:12 [main] INFO  org.hibernate.annotations.common.Version - HCANN000001: Hibernate Commons Annotations {5.0.4.Final}
2024-08-06 21:03:12 [main] WARN  org.hibernate.orm.connections.pooling - HHH10001002: Using Hibernate built-in connection pool (not for production use!)
2024-08-06 21:03:12 [main] INFO  org.hibernate.orm.connections.pooling - HHH10001005: using driver [com.mysql.cj.jdbc.Driver] at URL [jdbc:mysql://localhost:3306/sari]
2024-08-06 21:03:12 [main] INFO  org.hibernate.orm.connections.pooling - HHH10001001: Connection properties: {user=root, password=****}
2024-08-06 21:03:12 [main] INFO  org.hibernate.orm.connections.pooling - HHH10001003: Autocommit mode: false
2024-08-06 21:03:12 [main] INFO  org.hibernate.engine.jdbc.connections.internal.DriverManagerConnectionProviderImpl - HHH000115: Hibernate connection pool size: 20 (min=1)
2024-08-06 21:03:13 [main] INFO  org.hibernate.dialect.Dialect - HHH000400: Using dialect: org.hibernate.dialect.MySQLDialect
2024-08-06 21:03:14 [main] INFO  org.hibernate.hql.internal.QueryTranslatorFactoryInitiator - HHH000397: Using ASTQueryTranslatorFactory
2024-08-06 21:58:41 [main] INFO  org.hibernate.jpa.internal.util.LogHelper - HHH000204: Processing PersistenceUnitInfo [
	name: sari
	...]
2024-08-06 21:58:41 [main] INFO  org.hibernate.Version - HHH000412: Hibernate Core {5.3.20.Final}
2024-08-06 21:58:41 [main] INFO  org.hibernate.cfg.Environment - HHH000206: hibernate.properties not found
2024-08-06 21:58:41 [main] INFO  org.hibernate.annotations.common.Version - HCANN000001: Hibernate Commons Annotations {5.0.4.Final}
2024-08-06 21:58:42 [main] WARN  org.hibernate.orm.connections.pooling - HHH10001002: Using Hibernate built-in connection pool (not for production use!)
2024-08-06 21:58:42 [main] INFO  org.hibernate.orm.connections.pooling - HHH10001005: using driver [com.mysql.cj.jdbc.Driver] at URL [jdbc:mysql://localhost:3306/sari]
2024-08-06 21:58:42 [main] INFO  org.hibernate.orm.connections.pooling - HHH10001001: Connection properties: {user=root, password=****}
2024-08-06 21:58:42 [main] INFO  org.hibernate.orm.connections.pooling - HHH10001003: Autocommit mode: false
2024-08-06 21:58:42 [main] INFO  org.hibernate.engine.jdbc.connections.internal.DriverManagerConnectionProviderImpl - HHH000115: Hibernate connection pool size: 20 (min=1)
2024-08-06 21:58:43 [main] INFO  org.hibernate.dialect.Dialect - HHH000400: Using dialect: org.hibernate.dialect.MySQLDialect
2024-08-06 21:58:44 [main] INFO  org.hibernate.hql.internal.QueryTranslatorFactoryInitiator - HHH000397: Using ASTQueryTranslatorFactory
2024-08-06 21:59:52 [main] INFO  org.hibernate.jpa.internal.util.LogHelper - HHH000204: Processing PersistenceUnitInfo [
	name: sari
	...]
2024-08-06 21:59:52 [main] INFO  org.hibernate.Version - HHH000412: Hibernate Core {5.3.20.Final}
2024-08-06 21:59:52 [main] INFO  org.hibernate.cfg.Environment - HHH000206: hibernate.properties not found
2024-08-06 21:59:52 [main] INFO  org.hibernate.annotations.common.Version - HCANN000001: Hibernate Commons Annotations {5.0.4.Final}
2024-08-06 21:59:53 [main] WARN  org.hibernate.orm.connections.pooling - HHH10001002: Using Hibernate built-in connection pool (not for production use!)
2024-08-06 21:59:53 [main] INFO  org.hibernate.orm.connections.pooling - HHH10001005: using driver [com.mysql.cj.jdbc.Driver] at URL [jdbc:mysql://localhost:3306/sari]
2024-08-06 21:59:53 [main] INFO  org.hibernate.orm.connections.pooling - HHH10001001: Connection properties: {user=root, password=****}
2024-08-06 21:59:53 [main] INFO  org.hibernate.orm.connections.pooling - HHH10001003: Autocommit mode: false
2024-08-06 21:59:53 [main] INFO  org.hibernate.engine.jdbc.connections.internal.DriverManagerConnectionProviderImpl - HHH000115: Hibernate connection pool size: 20 (min=1)
2024-08-06 21:59:54 [main] INFO  org.hibernate.dialect.Dialect - HHH000400: Using dialect: org.hibernate.dialect.MySQLDialect
2024-08-06 21:59:55 [main] INFO  org.hibernate.orm.connections.pooling - HHH10001008: Cleaning up connection pool [jdbc:mysql://localhost:3306/sari]
2024-08-06 22:00:28 [main] INFO  org.hibernate.jpa.internal.util.LogHelper - HHH000204: Processing PersistenceUnitInfo [
	name: sari
	...]
2024-08-06 22:00:29 [main] INFO  org.hibernate.Version - HHH000412: Hibernate Core {5.3.20.Final}
2024-08-06 22:00:29 [main] INFO  org.hibernate.cfg.Environment - HHH000206: hibernate.properties not found
2024-08-06 22:00:29 [main] INFO  org.hibernate.annotations.common.Version - HCANN000001: Hibernate Commons Annotations {5.0.4.Final}
2024-08-06 22:00:29 [main] WARN  org.hibernate.orm.connections.pooling - HHH10001002: Using Hibernate built-in connection pool (not for production use!)
2024-08-06 22:00:29 [main] INFO  org.hibernate.orm.connections.pooling - HHH10001005: using driver [com.mysql.cj.jdbc.Driver] at URL [jdbc:mysql://localhost:3306/sari]
2024-08-06 22:00:29 [main] INFO  org.hibernate.orm.connections.pooling - HHH10001001: Connection properties: {user=root, password=****}
2024-08-06 22:00:29 [main] INFO  org.hibernate.orm.connections.pooling - HHH10001003: Autocommit mode: false
2024-08-06 22:00:29 [main] INFO  org.hibernate.engine.jdbc.connections.internal.DriverManagerConnectionProviderImpl - HHH000115: Hibernate connection pool size: 20 (min=1)
2024-08-06 22:00:30 [main] INFO  org.hibernate.dialect.Dialect - HHH000400: Using dialect: org.hibernate.dialect.MySQLDialect
2024-08-06 22:00:31 [main] INFO  org.hibernate.orm.connections.pooling - HHH10001008: Cleaning up connection pool [jdbc:mysql://localhost:3306/sari]
2024-08-06 22:01:23 [main] INFO  org.hibernate.jpa.internal.util.LogHelper - HHH000204: Processing PersistenceUnitInfo [
	name: sari
	...]
2024-08-06 22:01:23 [main] INFO  org.hibernate.Version - HHH000412: Hibernate Core {5.3.20.Final}
2024-08-06 22:01:23 [main] INFO  org.hibernate.cfg.Environment - HHH000206: hibernate.properties not found
2024-08-06 22:01:23 [main] INFO  org.hibernate.annotations.common.Version - HCANN000001: Hibernate Commons Annotations {5.0.4.Final}
2024-08-06 22:01:24 [main] WARN  org.hibernate.orm.connections.pooling - HHH10001002: Using Hibernate built-in connection pool (not for production use!)
2024-08-06 22:01:24 [main] INFO  org.hibernate.orm.connections.pooling - HHH10001005: using driver [com.mysql.cj.jdbc.Driver] at URL [jdbc:mysql://localhost:3306/sari]
2024-08-06 22:01:24 [main] INFO  org.hibernate.orm.connections.pooling - HHH10001001: Connection properties: {user=root, password=****}
2024-08-06 22:01:24 [main] INFO  org.hibernate.orm.connections.pooling - HHH10001003: Autocommit mode: false
2024-08-06 22:01:24 [main] INFO  org.hibernate.engine.jdbc.connections.internal.DriverManagerConnectionProviderImpl - HHH000115: Hibernate connection pool size: 20 (min=1)
2024-08-06 22:01:25 [main] INFO  org.hibernate.dialect.Dialect - HHH000400: Using dialect: org.hibernate.dialect.MySQLDialect
2024-08-06 22:01:26 [main] INFO  org.hibernate.orm.connections.pooling - HHH10001008: Cleaning up connection pool [jdbc:mysql://localhost:3306/sari]
2024-08-06 22:01:41 [main] INFO  org.hibernate.jpa.internal.util.LogHelper - HHH000204: Processing PersistenceUnitInfo [
	name: sari
	...]
2024-08-06 22:01:41 [main] INFO  org.hibernate.Version - HHH000412: Hibernate Core {5.3.20.Final}
2024-08-06 22:01:41 [main] INFO  org.hibernate.cfg.Environment - HHH000206: hibernate.properties not found
2024-08-06 22:01:41 [main] INFO  org.hibernate.annotations.common.Version - HCANN000001: Hibernate Commons Annotations {5.0.4.Final}
2024-08-06 22:01:41 [main] WARN  org.hibernate.orm.connections.pooling - HHH10001002: Using Hibernate built-in connection pool (not for production use!)
2024-08-06 22:01:41 [main] INFO  org.hibernate.orm.connections.pooling - HHH10001005: using driver [com.mysql.cj.jdbc.Driver] at URL [jdbc:mysql://localhost:3306/sari]
2024-08-06 22:01:41 [main] INFO  org.hibernate.orm.connections.pooling - HHH10001001: Connection properties: {user=root, password=****}
2024-08-06 22:01:41 [main] INFO  org.hibernate.orm.connections.pooling - HHH10001003: Autocommit mode: false
2024-08-06 22:01:41 [main] INFO  org.hibernate.engine.jdbc.connections.internal.DriverManagerConnectionProviderImpl - HHH000115: Hibernate connection pool size: 20 (min=1)
2024-08-06 22:01:42 [main] INFO  org.hibernate.dialect.Dialect - HHH000400: Using dialect: org.hibernate.dialect.MySQLDialect
2024-08-06 22:01:43 [main] INFO  org.hibernate.orm.connections.pooling - HHH10001008: Cleaning up connection pool [jdbc:mysql://localhost:3306/sari]
2024-08-06 22:02:13 [main] INFO  org.hibernate.jpa.internal.util.LogHelper - HHH000204: Processing PersistenceUnitInfo [
	name: sari
	...]
2024-08-06 22:02:14 [main] INFO  org.hibernate.Version - HHH000412: Hibernate Core {5.3.20.Final}
2024-08-06 22:02:14 [main] INFO  org.hibernate.cfg.Environment - HHH000206: hibernate.properties not found
2024-08-06 22:02:14 [main] INFO  org.hibernate.annotations.common.Version - HCANN000001: Hibernate Commons Annotations {5.0.4.Final}
2024-08-06 22:02:14 [main] WARN  org.hibernate.orm.connections.pooling - HHH10001002: Using Hibernate built-in connection pool (not for production use!)
2024-08-06 22:02:14 [main] INFO  org.hibernate.orm.connections.pooling - HHH10001005: using driver [com.mysql.cj.jdbc.Driver] at URL [jdbc:mysql://localhost:3306/sari]
2024-08-06 22:02:14 [main] INFO  org.hibernate.orm.connections.pooling - HHH10001001: Connection properties: {user=root, password=****}
2024-08-06 22:02:14 [main] INFO  org.hibernate.orm.connections.pooling - HHH10001003: Autocommit mode: false
2024-08-06 22:02:14 [main] INFO  org.hibernate.engine.jdbc.connections.internal.DriverManagerConnectionProviderImpl - HHH000115: Hibernate connection pool size: 20 (min=1)
2024-08-06 22:02:15 [main] INFO  org.hibernate.dialect.Dialect - HHH000400: Using dialect: org.hibernate.dialect.MySQLDialect
2024-08-06 22:02:16 [main] INFO  org.hibernate.orm.connections.pooling - HHH10001008: Cleaning up connection pool [jdbc:mysql://localhost:3306/sari]
2024-08-06 22:02:52 [main] INFO  org.hibernate.jpa.internal.util.LogHelper - HHH000204: Processing PersistenceUnitInfo [
	name: sari
	...]
2024-08-06 22:02:52 [main] INFO  org.hibernate.Version - HHH000412: Hibernate Core {5.3.20.Final}
2024-08-06 22:02:52 [main] INFO  org.hibernate.cfg.Environment - HHH000206: hibernate.properties not found
2024-08-06 22:02:53 [main] INFO  org.hibernate.annotations.common.Version - HCANN000001: Hibernate Commons Annotations {5.0.4.Final}
2024-08-06 22:02:53 [main] WARN  org.hibernate.orm.connections.pooling - HHH10001002: Using Hibernate built-in connection pool (not for production use!)
2024-08-06 22:02:53 [main] INFO  org.hibernate.orm.connections.pooling - HHH10001005: using driver [com.mysql.cj.jdbc.Driver] at URL [jdbc:mysql://localhost:3306/sari]
2024-08-06 22:02:53 [main] INFO  org.hibernate.orm.connections.pooling - HHH10001001: Connection properties: {user=root, password=****}
2024-08-06 22:02:53 [main] INFO  org.hibernate.orm.connections.pooling - HHH10001003: Autocommit mode: false
2024-08-06 22:02:53 [main] INFO  org.hibernate.engine.jdbc.connections.internal.DriverManagerConnectionProviderImpl - HHH000115: Hibernate connection pool size: 20 (min=1)
2024-08-06 22:02:54 [main] INFO  org.hibernate.dialect.Dialect - HHH000400: Using dialect: org.hibernate.dialect.MySQLDialect
2024-08-06 22:02:56 [main] INFO  org.hibernate.orm.connections.pooling - HHH10001008: Cleaning up connection pool [jdbc:mysql://localhost:3306/sari]
2024-08-06 22:20:07 [main] INFO  org.hibernate.jpa.internal.util.LogHelper - HHH000204: Processing PersistenceUnitInfo [
	name: sari
	...]
2024-08-06 22:20:07 [main] INFO  org.hibernate.Version - HHH000412: Hibernate Core {5.3.20.Final}
2024-08-06 22:20:07 [main] INFO  org.hibernate.cfg.Environment - HHH000206: hibernate.properties not found
2024-08-06 22:20:08 [main] INFO  org.hibernate.annotations.common.Version - HCANN000001: Hibernate Commons Annotations {5.0.4.Final}
2024-08-06 22:20:08 [main] WARN  org.hibernate.orm.connections.pooling - HHH10001002: Using Hibernate built-in connection pool (not for production use!)
2024-08-06 22:20:08 [main] INFO  org.hibernate.orm.connections.pooling - HHH10001005: using driver [com.mysql.cj.jdbc.Driver] at URL [jdbc:mysql://localhost:3306/sari]
2024-08-06 22:20:08 [main] INFO  org.hibernate.orm.connections.pooling - HHH10001001: Connection properties: {user=root, password=****}
2024-08-06 22:20:08 [main] INFO  org.hibernate.orm.connections.pooling - HHH10001003: Autocommit mode: false
2024-08-06 22:20:08 [main] INFO  org.hibernate.engine.jdbc.connections.internal.DriverManagerConnectionProviderImpl - HHH000115: Hibernate connection pool size: 20 (min=1)
2024-08-06 22:20:09 [main] INFO  org.hibernate.dialect.Dialect - HHH000400: Using dialect: org.hibernate.dialect.MySQLDialect
2024-08-06 22:20:10 [main] INFO  org.hibernate.orm.connections.pooling - HHH10001008: Cleaning up connection pool [jdbc:mysql://localhost:3306/sari]
2024-08-06 22:20:25 [main] INFO  org.hibernate.jpa.internal.util.LogHelper - HHH000204: Processing PersistenceUnitInfo [
	name: sari
	...]
2024-08-06 22:20:25 [main] INFO  org.hibernate.Version - HHH000412: Hibernate Core {5.3.20.Final}
2024-08-06 22:20:25 [main] INFO  org.hibernate.cfg.Environment - HHH000206: hibernate.properties not found
2024-08-06 22:20:25 [main] INFO  org.hibernate.annotations.common.Version - HCANN000001: Hibernate Commons Annotations {5.0.4.Final}
2024-08-06 22:20:25 [main] WARN  org.hibernate.orm.connections.pooling - HHH10001002: Using Hibernate built-in connection pool (not for production use!)
2024-08-06 22:20:25 [main] INFO  org.hibernate.orm.connections.pooling - HHH10001005: using driver [com.mysql.cj.jdbc.Driver] at URL [jdbc:mysql://localhost:3306/sari]
2024-08-06 22:20:25 [main] INFO  org.hibernate.orm.connections.pooling - HHH10001001: Connection properties: {user=root, password=****}
2024-08-06 22:20:25 [main] INFO  org.hibernate.orm.connections.pooling - HHH10001003: Autocommit mode: false
2024-08-06 22:20:25 [main] INFO  org.hibernate.engine.jdbc.connections.internal.DriverManagerConnectionProviderImpl - HHH000115: Hibernate connection pool size: 20 (min=1)
2024-08-06 22:20:26 [main] INFO  org.hibernate.dialect.Dialect - HHH000400: Using dialect: org.hibernate.dialect.MySQLDialect
2024-08-06 22:20:27 [main] INFO  org.hibernate.orm.connections.pooling - HHH10001008: Cleaning up connection pool [jdbc:mysql://localhost:3306/sari]
2024-08-06 22:20:49 [main] INFO  org.hibernate.jpa.internal.util.LogHelper - HHH000204: Processing PersistenceUnitInfo [
	name: sari
	...]
2024-08-06 22:20:50 [main] INFO  org.hibernate.Version - HHH000412: Hibernate Core {5.3.20.Final}
2024-08-06 22:20:50 [main] INFO  org.hibernate.cfg.Environment - HHH000206: hibernate.properties not found
2024-08-06 22:20:50 [main] INFO  org.hibernate.annotations.common.Version - HCANN000001: Hibernate Commons Annotations {5.0.4.Final}
2024-08-06 22:20:50 [main] WARN  org.hibernate.orm.connections.pooling - HHH10001002: Using Hibernate built-in connection pool (not for production use!)
2024-08-06 22:20:50 [main] INFO  org.hibernate.orm.connections.pooling - HHH10001005: using driver [com.mysql.cj.jdbc.Driver] at URL [jdbc:mysql://localhost:3306/sari]
2024-08-06 22:20:50 [main] INFO  org.hibernate.orm.connections.pooling - HHH10001001: Connection properties: {user=root, password=****}
2024-08-06 22:20:50 [main] INFO  org.hibernate.orm.connections.pooling - HHH10001003: Autocommit mode: false
2024-08-06 22:20:50 [main] INFO  org.hibernate.engine.jdbc.connections.internal.DriverManagerConnectionProviderImpl - HHH000115: Hibernate connection pool size: 20 (min=1)
2024-08-06 22:20:51 [main] INFO  org.hibernate.dialect.Dialect - HHH000400: Using dialect: org.hibernate.dialect.MySQLDialect
2024-08-06 22:20:52 [main] INFO  org.hibernate.orm.connections.pooling - HHH10001008: Cleaning up connection pool [jdbc:mysql://localhost:3306/sari]
2024-08-06 22:21:21 [main] INFO  org.hibernate.jpa.internal.util.LogHelper - HHH000204: Processing PersistenceUnitInfo [
	name: sari
	...]
2024-08-06 22:21:21 [main] INFO  org.hibernate.Version - HHH000412: Hibernate Core {5.3.20.Final}
2024-08-06 22:21:21 [main] INFO  org.hibernate.cfg.Environment - HHH000206: hibernate.properties not found
2024-08-06 22:21:21 [main] INFO  org.hibernate.annotations.common.Version - HCANN000001: Hibernate Commons Annotations {5.0.4.Final}
2024-08-06 22:21:22 [main] WARN  org.hibernate.orm.connections.pooling - HHH10001002: Using Hibernate built-in connection pool (not for production use!)
2024-08-06 22:21:22 [main] INFO  org.hibernate.orm.connections.pooling - HHH10001005: using driver [com.mysql.cj.jdbc.Driver] at URL [jdbc:mysql://localhost:3306/sari]
2024-08-06 22:21:22 [main] INFO  org.hibernate.orm.connections.pooling - HHH10001001: Connection properties: {user=root, password=****}
2024-08-06 22:21:22 [main] INFO  org.hibernate.orm.connections.pooling - HHH10001003: Autocommit mode: false
2024-08-06 22:21:22 [main] INFO  org.hibernate.engine.jdbc.connections.internal.DriverManagerConnectionProviderImpl - HHH000115: Hibernate connection pool size: 20 (min=1)
2024-08-06 22:21:22 [main] INFO  org.hibernate.dialect.Dialect - HHH000400: Using dialect: org.hibernate.dialect.MySQLDialect
2024-08-06 22:21:23 [main] INFO  org.hibernate.orm.connections.pooling - HHH10001008: Cleaning up connection pool [jdbc:mysql://localhost:3306/sari]
